<?xml version="1.0" encoding="UTF-8"?>
<!-- Generated by org.testng.reporters.JUnitXMLReporter -->
<testsuite hostname="chaitanya" failures="0" tests="6" name="Command line test" time="0.03" errors="0" timestamp="3 Apr 2020 10:41:18 GMT">
  <testcase classname="chaitanyaacademy.AppiumTest" name="iosApps" time="0.01"/>
  <testcase classname="chaitanyaacademy.AppiumTest" name="relativeAppAndroid" time="0.0"/>
  <testcase classname="chaitanyaacademy.RESTAPITest" name="deleteTwitter" time="0.0"/>
  <testcase classname="chaitanyaacademy.RESTAPITest" name="postJira" time="0.001"/>
  <testcase classname="chaitanyaacademy.SeleniumTest" name="browserAutomation" time="0.002"/>
  <testcase classname="chaitanyaacademy.SeleniumTest" name="elementsUI" time="0.0"/>
</testsuite>
